<?xml version="1.0" encoding="UTF-8"?>
<coverage generated="1763389985">
  <project timestamp="1763389985" name="Clover Coverage">
    <package name="Pekral\CursorRules">
      <file name="/Users/petrkral/Projects/cursor-rules/src/Installer.php">
        <class name="Pekral\CursorRules\Installer" namespace="Pekral\CursorRules">
          <metrics complexity="65" methods="24" coveredmethods="24" conditionals="0" coveredconditionals="0" statements="135" coveredstatements="135" elements="159" coveredelements="159"/>
        </class>
        <line num="18" type="method" name="run" visibility="public" complexity="4" crap="4" count="21"/>
        <line num="20" type="stmt" count="21"/>
        <line num="21" type="stmt" count="21"/>
        <line num="22" type="stmt" count="21"/>
        <line num="25" type="stmt" count="21"/>
        <line num="26" type="stmt" count="1"/>
        <line num="29" type="stmt" count="20"/>
        <line num="30" type="stmt" count="1"/>
        <line num="32" type="stmt" count="1"/>
        <line num="35" type="stmt" count="19"/>
        <line num="36" type="stmt" count="7"/>
        <line num="37" type="stmt" count="7"/>
        <line num="39" type="stmt" count="7"/>
        <line num="43" type="method" name="showHelp" visibility="private" complexity="1" crap="1" count="1"/>
        <line num="45" type="stmt" count="1"/>
        <line num="46" type="stmt" count="1"/>
        <line num="47" type="stmt" count="1"/>
        <line num="48" type="stmt" count="1"/>
        <line num="49" type="stmt" count="1"/>
        <line num="51" type="stmt" count="1"/>
        <line num="54" type="method" name="installRules" visibility="private" complexity="1" crap="1" count="19"/>
        <line num="56" type="stmt" count="19"/>
        <line num="57" type="stmt" count="19"/>
        <line num="58" type="stmt" count="17"/>
        <line num="60" type="stmt" count="17"/>
        <line num="61" type="stmt" count="15"/>
        <line num="63" type="stmt" count="15"/>
        <line num="64" type="stmt" count="15"/>
        <line num="66" type="stmt" count="12"/>
        <line num="68" type="stmt" count="12"/>
        <line num="74" type="method" name="processFiles" visibility="private" complexity="2" crap="2" count="15"/>
        <line num="76" type="stmt" count="15"/>
        <line num="77" type="stmt" count="15"/>
        <line num="78" type="stmt" count="15"/>
        <line num="79" type="stmt" count="15"/>
        <line num="80" type="stmt" count="15"/>
        <line num="81" type="stmt" count="15"/>
        <line num="82" type="stmt" count="15"/>
        <line num="83" type="stmt" count="15"/>
        <line num="84" type="stmt" count="15"/>
        <line num="85" type="stmt" count="15"/>
        <line num="86" type="stmt" count="15"/>
        <line num="89" type="method" name="shouldProcessFile" visibility="private" complexity="3" crap="3" count="14"/>
        <line num="91" type="stmt" count="14"/>
        <line num="92" type="stmt" count="14"/>
        <line num="93" type="stmt" count="14"/>
        <line num="95" type="stmt" count="14"/>
        <line num="97" type="stmt" count="14"/>
        <line num="98" type="stmt" count="1"/>
        <line num="101" type="stmt" count="14"/>
        <line num="104" type="method" name="ensureDirectoryExists" visibility="private" complexity="5" crap="5" count="17"/>
        <line num="106" type="stmt" count="17"/>
        <line num="107" type="stmt" count="14"/>
        <line num="110" type="stmt" count="14"/>
        <line num="111" type="stmt" count="1"/>
        <line num="114" type="stmt" count="13"/>
        <line num="115" type="stmt" count="13"/>
        <line num="116" type="stmt" count="13"/>
        <line num="118" type="stmt" count="13"/>
        <line num="119" type="stmt" count="1"/>
        <line num="123" type="method" name="installFile" visibility="private" complexity="5" crap="5" count="14"/>
        <line num="125" type="stmt" count="14"/>
        <line num="127" type="stmt" count="12"/>
        <line num="128" type="stmt" count="2"/>
        <line num="129" type="stmt" count="1"/>
        <line num="132" type="stmt" count="10"/>
        <line num="135" type="stmt" count="11"/>
        <line num="138" type="method" name="removeExistingTarget" visibility="private" complexity="4" crap="4" count="14"/>
        <line num="140" type="stmt" count="14"/>
        <line num="141" type="stmt" count="11"/>
        <line num="144" type="stmt" count="3"/>
        <line num="145" type="stmt" count="1"/>
        <line num="148" type="stmt" count="2"/>
        <line num="149" type="stmt" count="2"/>
        <line num="150" type="stmt" count="2"/>
        <line num="152" type="stmt" count="2"/>
        <line num="153" type="stmt" count="1"/>
        <line num="157" type="method" name="findProjectRoot" visibility="private" complexity="5" crap="5" count="18"/>
        <line num="159" type="stmt" count="18"/>
        <line num="161" type="stmt" count="18"/>
        <line num="162" type="stmt" count="2"/>
        <line num="165" type="stmt" count="18"/>
        <line num="166" type="stmt" count="3"/>
        <line num="167" type="stmt" count="3"/>
        <line num="170" type="stmt" count="18"/>
        <line num="176" type="method" name="listFiles" visibility="private" complexity="2" crap="2" count="15"/>
        <line num="178" type="stmt" count="15"/>
        <line num="179" type="stmt" count="15"/>
        <line num="180" type="stmt" count="15"/>
        <line num="181" type="stmt" count="15"/>
        <line num="182" type="stmt" count="15"/>
        <line num="184" type="stmt" count="15"/>
        <line num="186" type="stmt" count="14"/>
        <line num="189" type="stmt" count="15"/>
        <line num="191" type="stmt" count="15"/>
        <line num="194" type="method" name="replicateDirectories" visibility="private" complexity="4" crap="4" count="15"/>
        <line num="196" type="stmt" count="15"/>
        <line num="197" type="stmt" count="15"/>
        <line num="198" type="stmt" count="15"/>
        <line num="199" type="stmt" count="15"/>
        <line num="201" type="stmt" count="15"/>
        <line num="202" type="stmt" count="15"/>
        <line num="203" type="stmt" count="14"/>
        <line num="206" type="stmt" count="2"/>
        <line num="208" type="stmt" count="2"/>
        <line num="212" type="method" name="extractFilePath" visibility="private" complexity="1" crap="1" count="15"/>
        <line num="214" type="stmt" count="15"/>
        <line num="216" type="stmt" count="15"/>
        <line num="219" type="method" name="copy" visibility="private" complexity="3" crap="3" count="11"/>
        <line num="221" type="stmt" count="11"/>
        <line num="222" type="stmt" count="1"/>
        <line num="226" type="method" name="canSymlink" visibility="private" complexity="3" crap="3" count="4"/>
        <line num="228" type="stmt" count="4"/>
        <line num="229" type="stmt" count="1"/>
        <line num="232" type="stmt" count="3"/>
        <line num="233" type="stmt" count="1"/>
        <line num="236" type="stmt" count="2"/>
        <line num="239" type="method" name="shouldDisableSymlinks" visibility="private" complexity="1" crap="1" count="4"/>
        <line num="241" type="stmt" count="4"/>
        <line num="244" type="method" name="resolveRulesSource" visibility="private" complexity="3" crap="3" count="19"/>
        <line num="246" type="stmt" count="19"/>
        <line num="248" type="stmt" count="19"/>
        <line num="249" type="stmt" count="16"/>
        <line num="252" type="stmt" count="3"/>
        <line num="254" type="stmt" count="3"/>
        <line num="255" type="stmt" count="1"/>
        <line num="258" type="stmt" count="2"/>
        <line num="261" type="method" name="resolveTargetDirectory" visibility="private" complexity="3" crap="3" count="17"/>
        <line num="263" type="stmt" count="17"/>
        <line num="265" type="stmt" count="17"/>
        <line num="266" type="stmt" count="16"/>
        <line num="269" type="stmt" count="1"/>
        <line num="272" type="method" name="resolveProjectRoot" visibility="private" complexity="3" crap="3" count="19"/>
        <line num="274" type="stmt" count="19"/>
        <line num="276" type="stmt" count="19"/>
        <line num="277" type="stmt" count="1"/>
        <line num="280" type="stmt" count="18"/>
        <line num="283" type="method" name="fallbackProjectRoot" visibility="private" complexity="3" crap="3" count="2"/>
        <line num="285" type="stmt" count="2"/>
        <line num="287" type="stmt" count="2"/>
        <line num="288" type="stmt" count="1"/>
        <line num="291" type="stmt" count="1"/>
        <line num="294" type="method" name="isFilesystemRoot" visibility="private" complexity="3" crap="3" count="18"/>
        <line num="296" type="stmt" count="18"/>
        <line num="297" type="stmt" count="1"/>
        <line num="300" type="stmt" count="18"/>
        <line num="303" type="method" name="shouldForceSymlinkFailure" visibility="private" complexity="1" crap="1" count="2"/>
        <line num="305" type="stmt" count="2"/>
        <line num="308" type="method" name="shouldForceCopyFailure" visibility="private" complexity="1" crap="1" count="11"/>
        <line num="310" type="stmt" count="11"/>
        <line num="313" type="method" name="isWindowsEnvironment" visibility="private" complexity="2" crap="2" count="3"/>
        <line num="315" type="stmt" count="3"/>
        <line num="316" type="stmt" count="1"/>
        <line num="319" type="stmt" count="2"/>
        <line num="322" type="method" name="isTruthyFlag" visibility="private" complexity="2" crap="2" count="12"/>
        <line num="324" type="stmt" count="12"/>
        <line num="326" type="stmt" count="12"/>
        <line num="327" type="stmt" count="11"/>
        <line num="330" type="stmt" count="4"/>
        <metrics loc="334" ncloc="324" classes="1" methods="24" coveredmethods="24" conditionals="0" coveredconditionals="0" statements="135" coveredstatements="135" elements="159" coveredelements="159"/>
      </file>
      <file name="/Users/petrkral/Projects/cursor-rules/src/InstallerFailure.php">
        <class name="Pekral\CursorRules\InstallerFailure" namespace="Pekral\CursorRules">
          <metrics complexity="4" methods="4" coveredmethods="4" conditionals="0" coveredconditionals="0" statements="4" coveredstatements="4" elements="8" coveredelements="8"/>
        </class>
        <line num="12" type="method" name="missingSource" visibility="public" complexity="1" crap="1" count="2"/>
        <line num="14" type="stmt" count="2"/>
        <line num="17" type="method" name="directoryCreationFailed" visibility="public" complexity="1" crap="1" count="2"/>
        <line num="19" type="stmt" count="2"/>
        <line num="22" type="method" name="fileCopyFailed" visibility="public" complexity="1" crap="1" count="1"/>
        <line num="24" type="stmt" count="1"/>
        <line num="27" type="method" name="removalFailed" visibility="public" complexity="1" crap="1" count="2"/>
        <line num="29" type="stmt" count="2"/>
        <metrics loc="33" ncloc="33" classes="1" methods="4" coveredmethods="4" conditionals="0" coveredconditionals="0" statements="4" coveredstatements="4" elements="8" coveredelements="8"/>
      </file>
    </package>
    <metrics files="2" loc="367" ncloc="357" classes="2" methods="28" coveredmethods="28" conditionals="0" coveredconditionals="0" statements="139" coveredstatements="139" elements="167" coveredelements="167"/>
  </project>
</coverage>
